npm notice 
npm notice 📦  appio@0.0.2
npm notice === Tarball Contents === 
npm notice 110B  templates/nodejsapi/.env                                
npm notice 110B  bin/appio                                               
npm notice 112B  templates/nodejsapi/.ebextensions/00-set-timezone.config
npm notice 85B   templates/nodejsapi/.ebextensions/files.config          
npm notice 111B  templates/nodejsapi/public/stylesheets/style.css        
npm notice 84B   templates/nodejsapi/routes/views/error.jade             
npm notice 66B   templates/nodejsapi/routes/views/index.jade             
npm notice 125B  templates/nodejsapi/routes/views/layout.jade            
npm notice 2.2kB templates/nodejsapi/app.js                              
npm notice 1.6kB src/cli.js                                              
npm notice 771B  templates/nodejsapi/config/config.js                    
npm notice 964B  templates/nodejsapi/models/index.js                     
npm notice 212B  templates/nodejsapi/routes/index.js                     
npm notice 1.8kB src/main.js                                             
npm notice 701B  templates/nodejsapi/__tests__/test_unit.js              
npm notice 641B  package.json                                            
npm notice 1.0kB templates/nodejsapi/package.json                        
npm notice 0     debug.log                                               
npm notice === Tarball Details === 
npm notice name:          appio                                   
npm notice version:       0.0.2                                   
npm notice package size:  4.7 kB                                  
npm notice unpacked size: 10.8 kB                                 
npm notice shasum:        3ff1158c77b0536bf0bb9ae7081dacc85fdc260c
npm notice integrity:     sha512-kBjw6nzKN8EIn[...]5o8O3DptPa0LQ==
npm notice total files:   18                                      
npm notice 
npm ERR! code E403
npm ERR! 403 403 Forbidden - PUT https://registry.npmjs.org/appio - Package name too similar to existing packages; try renaming your package to '@mathe/appio' and publishing with 'npm publish --access=public' instead
npm ERR! 403 In most cases, you or one of your dependencies are requesting
npm ERR! 403 a package version that is forbidden by your security policy.

npm ERR! A complete log of this run can be found in:
npm ERR!     /Users/mathe/.npm/_logs/2019-10-10T16_19_00_433Z-debug.log
